android/app/build/intermediates/manifest_merge_blame_file/debug/manifest-merger-blame-debug-report.txt
1<?xml version="1.0" encoding="utf-8"?>
2<manifest xmlns:android="http://schemas.android.com/apk/res/android"
3    package="com.myshopping"
4    android:versionCode="1"
5    android:versionName="1.0" >
6
7    <uses-sdk
8        android:minSdkVersion="21"
9        android:targetSdkVersion="30" />
10
11    <uses-permission android:name="android.permission.SYSTEM_ALERT_WINDOW" />
11-->src/main/AndroidManifest.xml:3:3-75
11-->src/main/AndroidManifest.xml:3:20-73
12    <uses-permission android:name="android.permission.INTERNET" />
12-->src/main/AndroidManifest.xml:2:3-64
12-->src/main/AndroidManifest.xml:2:20-62
13    <uses-permission android:name="android.permission.VIBRATE" /> <!-- Added permissions Expo Image Picker -->
13-->src/main/AndroidManifest.xml:4:3-63
13-->src/main/AndroidManifest.xml:4:20-61
14    <uses-permission android:name="android.permission.CAMERA" />
14-->src/main/AndroidManifest.xml:7:3-63
14-->src/main/AndroidManifest.xml:7:20-60
15    <uses-permission android:name="android.permission.READ_EXTERNAL_STORAGE" />
15-->src/main/AndroidManifest.xml:8:3-78
15-->src/main/AndroidManifest.xml:8:20-75
16    <uses-permission android:name="android.permission.WRITE_EXTERNAL_STORAGE" />
16-->src/main/AndroidManifest.xml:9:3-79
16-->src/main/AndroidManifest.xml:9:20-76
17
18    <queries>
18-->src/main/AndroidManifest.xml:11:3-17:13
19        <intent>
19-->src/main/AndroidManifest.xml:12:5-16:14
20            <action android:name="android.intent.action.VIEW" />
20-->src/main/AndroidManifest.xml:13:7-58
20-->src/main/AndroidManifest.xml:13:15-56
21
22            <category android:name="android.intent.category.BROWSABLE" />
22-->src/main/AndroidManifest.xml:14:7-67
22-->src/main/AndroidManifest.xml:14:17-65
23
24            <data android:scheme="https" />
24-->src/main/AndroidManifest.xml:15:7-37
24-->src/main/AndroidManifest.xml:15:13-35
25        </intent>
26        <!-- Query open documents -->
27        <intent>
27-->[:expo-file-system] AndroidManifest.xml:19:9-21:18
28            <action android:name="android.intent.action.OPEN_DOCUMENT_TREE" />
28-->[:expo-file-system] AndroidManifest.xml:20:13-79
28-->[:expo-file-system] AndroidManifest.xml:20:21-76
29        </intent>
30        <intent>
30-->[:expo-image-picker] AndroidManifest.xml:18:9-22:18
31
32            <!-- Required for picking images from the camera roll if targeting API 30 -->
33            <action android:name="android.media.action.IMAGE_CAPTURE" />
33-->[:expo-image-picker] AndroidManifest.xml:21:13-73
33-->[:expo-image-picker] AndroidManifest.xml:21:21-70
34        </intent>
35        <intent>
35-->[:expo-image-picker] AndroidManifest.xml:23:9-27:18
36
37            <!-- Required for picking images from the camera if targeting API 30 -->
38            <action android:name="android.media.action.ACTION_VIDEO_CAPTURE" />
38-->[:expo-image-picker] AndroidManifest.xml:26:13-80
38-->[:expo-image-picker] AndroidManifest.xml:26:21-77
39        </intent>
40    </queries>
41
42    <uses-permission android:name="android.permission.ACCESS_WIFI_STATE" />
42-->[com.facebook.flipper:flipper:0.54.0] AndroidManifest.xml:16:5-76
42-->[com.facebook.flipper:flipper:0.54.0] AndroidManifest.xml:16:22-73
43    <uses-permission android:name="android.permission.ACCESS_NETWORK_STATE" />
43-->[:expo-updates] AndroidManifest.xml:11:5-79
43-->[:expo-updates] AndroidManifest.xml:11:22-76
44    <uses-permission android:name="com.google.android.finsky.permission.BIND_GET_INSTALL_REFERRER_SERVICE" />
44-->[com.android.installreferrer:installreferrer:1.0] AndroidManifest.xml:9:5-110
44-->[com.android.installreferrer:installreferrer:1.0] AndroidManifest.xml:9:22-107
45
46    <application
46-->src/main/AndroidManifest.xml:18:3-37:17
47        android:name="com.myshopping.MainApplication"
47-->src/main/AndroidManifest.xml:18:16-47
48        android:allowBackup="false"
48-->src/main/AndroidManifest.xml:18:162-189
49        android:appComponentFactory="androidx.core.app.CoreComponentFactory"
49-->[androidx.core:core:1.3.0] AndroidManifest.xml:24:18-86
50        android:debuggable="true"
51        android:icon="@mipmap/ic_launcher"
51-->src/main/AndroidManifest.xml:18:81-115
52        android:label="@string/app_name"
52-->src/main/AndroidManifest.xml:18:48-80
53        android:roundIcon="@mipmap/ic_launcher_round"
53-->src/main/AndroidManifest.xml:18:116-161
54        android:theme="@style/AppTheme"
54-->src/main/AndroidManifest.xml:18:190-221
55        android:usesCleartextTraffic="true" >
55-->src/main/AndroidManifest.xml:18:222-257
56        <meta-data
56-->src/main/AndroidManifest.xml:19:5-130
57            android:name="expo.modules.updates.EXPO_UPDATE_URL"
57-->src/main/AndroidManifest.xml:19:16-67
58            android:value="https://exp.host/@rodrigogsantana/myshopping" />
58-->src/main/AndroidManifest.xml:19:68-128
59        <meta-data
59-->src/main/AndroidManifest.xml:20:5-93
60            android:name="expo.modules.updates.EXPO_SDK_VERSION"
60-->src/main/AndroidManifest.xml:20:16-68
61            android:value="43.0.0" />
61-->src/main/AndroidManifest.xml:20:69-91
62        <meta-data
62-->src/main/AndroidManifest.xml:21:5-82
63            android:name="expo.modules.updates.ENABLED"
63-->src/main/AndroidManifest.xml:21:16-59
64            android:value="true" />
64-->src/main/AndroidManifest.xml:21:60-80
65        <meta-data
65-->src/main/AndroidManifest.xml:22:5-105
66            android:name="expo.modules.updates.EXPO_UPDATES_CHECK_ON_LAUNCH"
66-->src/main/AndroidManifest.xml:22:16-80
67            android:value="ALWAYS" />
67-->src/main/AndroidManifest.xml:22:81-103
68        <meta-data
68-->src/main/AndroidManifest.xml:23:5-99
69            android:name="expo.modules.updates.EXPO_UPDATES_LAUNCH_WAIT_MS"
69-->src/main/AndroidManifest.xml:23:16-79
70            android:value="0" />
70-->src/main/AndroidManifest.xml:23:80-97
71
72        <activity
72-->src/main/AndroidManifest.xml:24:5-29:16
73            android:name="com.myshopping.MainActivity"
73-->src/main/AndroidManifest.xml:24:15-43
74            android:configChanges="keyboard|keyboardHidden|orientation|screenSize|uiMode"
74-->src/main/AndroidManifest.xml:24:77-154
75            android:label="@string/app_name"
75-->src/main/AndroidManifest.xml:24:44-76
76            android:launchMode="singleTask"
76-->src/main/AndroidManifest.xml:24:155-186
77            android:theme="@style/Theme.App.SplashScreen"
77-->src/main/AndroidManifest.xml:24:230-275
78            android:windowSoftInputMode="adjustResize" >
78-->src/main/AndroidManifest.xml:24:187-229
79            <intent-filter>
79-->src/main/AndroidManifest.xml:25:7-28:23
80                <action android:name="android.intent.action.MAIN" />
80-->src/main/AndroidManifest.xml:26:9-60
80-->src/main/AndroidManifest.xml:26:17-58
81
82                <category android:name="android.intent.category.LAUNCHER" />
82-->src/main/AndroidManifest.xml:27:9-68
82-->src/main/AndroidManifest.xml:27:19-66
83            </intent-filter>
84        </activity>
85        <activity android:name="com.facebook.react.devsupport.DevSettingsActivity" /> <!-- Added activity Expo Image Picker -->
85-->src/main/AndroidManifest.xml:30:5-81
85-->src/main/AndroidManifest.xml:30:15-79
86        <activity
86-->src/main/AndroidManifest.xml:33:5-36:16
87            android:name="com.theartofdev.edmodo.cropper.CropImageActivity"
87-->src/main/AndroidManifest.xml:34:7-70
88            android:theme="@style/Base.Theme.AppCompat" >
88-->src/main/AndroidManifest.xml:35:7-50
89        </activity>
90
91        <meta-data
91-->[:react-native-firebase_app] AndroidManifest.xml:12:9-14:36
92            android:name="app_data_collection_default_enabled"
92-->[:react-native-firebase_app] AndroidManifest.xml:13:13-63
93            android:value="true" />
93-->[:react-native-firebase_app] AndroidManifest.xml:14:13-33
94
95        <service
95-->[:react-native-firebase_app] AndroidManifest.xml:16:9-20:19
96            android:name="com.google.firebase.components.ComponentDiscoveryService"
96-->[:react-native-firebase_app] AndroidManifest.xml:16:18-89
97            android:directBootAware="true"
97-->[com.google.firebase:firebase-common:20.0.0] AndroidManifest.xml:35:13-43
98            android:exported="false" >
98-->[com.google.firebase:firebase-common:20.0.0] AndroidManifest.xml:36:13-37
99            <meta-data
99-->[:react-native-firebase_app] AndroidManifest.xml:17:13-19:85
100                android:name="com.google.firebase.components:io.invertase.firebase.app.ReactNativeFirebaseAppRegistrar"
100-->[:react-native-firebase_app] AndroidManifest.xml:18:17-120
101                android:value="com.google.firebase.components.ComponentRegistrar" />
101-->[:react-native-firebase_app] AndroidManifest.xml:19:17-82
102        </service>
103
104        <provider
104-->[:react-native-firebase_app] AndroidManifest.xml:22:9-26:38
105            android:name="io.invertase.firebase.app.ReactNativeFirebaseAppInitProvider"
105-->[:react-native-firebase_app] AndroidManifest.xml:23:13-88
106            android:authorities="com.myshopping.reactnativefirebaseappinitprovider"
106-->[:react-native-firebase_app] AndroidManifest.xml:24:13-86
107            android:exported="false"
107-->[:react-native-firebase_app] AndroidManifest.xml:25:13-37
108            android:initOrder="99" />
108-->[:react-native-firebase_app] AndroidManifest.xml:26:13-35
109        <provider
109-->[:expo-file-system] AndroidManifest.xml:25:9-34:20
110            android:name="expo.modules.filesystem.FileSystemFileProvider"
110-->[:expo-file-system] AndroidManifest.xml:26:13-74
111            android:authorities="com.myshopping.FileSystemFileProvider"
111-->[:expo-file-system] AndroidManifest.xml:27:13-74
112            android:exported="false"
112-->[:expo-file-system] AndroidManifest.xml:28:13-37
113            android:grantUriPermissions="true" >
113-->[:expo-file-system] AndroidManifest.xml:29:13-47
114            <meta-data
114-->[:expo-file-system] AndroidManifest.xml:31:13-33:70
115                android:name="android.support.FILE_PROVIDER_PATHS"
115-->[:expo-file-system] AndroidManifest.xml:32:17-67
116                android:resource="@xml/file_system_provider_paths" />
116-->[:expo-file-system] AndroidManifest.xml:33:17-67
117        </provider> <!-- https://developer.android.com/guide/topics/manifest/provider-element.html -->
118        <provider
118-->[:expo-image-picker] AndroidManifest.xml:35:9-43:20
119            android:name="expo.modules.imagepicker.ImagePickerFileProvider"
119-->[:expo-image-picker] AndroidManifest.xml:36:13-76
120            android:authorities="com.myshopping.ImagePickerFileProvider"
120-->[:expo-image-picker] AndroidManifest.xml:37:13-75
121            android:exported="false"
121-->[:expo-image-picker] AndroidManifest.xml:38:13-37
122            android:grantUriPermissions="true" >
122-->[:expo-image-picker] AndroidManifest.xml:39:13-47
123            <meta-data
123-->[:expo-file-system] AndroidManifest.xml:31:13-33:70
124                android:name="android.support.FILE_PROVIDER_PATHS"
124-->[:expo-file-system] AndroidManifest.xml:32:17-67
125                android:resource="@xml/image_picker_provider_paths" />
125-->[:expo-file-system] AndroidManifest.xml:33:17-67
126        </provider>
127
128        <meta-data
128-->[:expo-modules-core] AndroidManifest.xml:12:9-14:89
129            android:name="org.unimodules.core.AppLoader#react-native-headless"
129-->[:expo-modules-core] AndroidManifest.xml:13:13-79
130            android:value="expo.modules.adapters.react.apploader.RNHeadlessAppLoader" />
130-->[:expo-modules-core] AndroidManifest.xml:14:13-86
131
132        <provider
132-->[com.google.firebase:firebase-common:20.0.0] AndroidManifest.xml:26:9-31:39
133            android:name="com.google.firebase.provider.FirebaseInitProvider"
133-->[com.google.firebase:firebase-common:20.0.0] AndroidManifest.xml:27:13-77
134            android:authorities="com.myshopping.firebaseinitprovider"
134-->[com.google.firebase:firebase-common:20.0.0] AndroidManifest.xml:28:13-72
135            android:directBootAware="true"
135-->[com.google.firebase:firebase-common:20.0.0] AndroidManifest.xml:29:13-43
136            android:exported="false"
136-->[com.google.firebase:firebase-common:20.0.0] AndroidManifest.xml:30:13-37
137            android:initOrder="100" />
137-->[com.google.firebase:firebase-common:20.0.0] AndroidManifest.xml:31:13-36
138
139        <activity
139-->[com.google.android.gms:play-services-auth:20.0.0] AndroidManifest.xml:23:9-27:75
140            android:name="com.google.android.gms.auth.api.signin.internal.SignInHubActivity"
140-->[com.google.android.gms:play-services-auth:20.0.0] AndroidManifest.xml:24:13-93
141            android:excludeFromRecents="true"
141-->[com.google.android.gms:play-services-auth:20.0.0] AndroidManifest.xml:25:13-46
142            android:exported="false"
142-->[com.google.android.gms:play-services-auth:20.0.0] AndroidManifest.xml:26:13-37
143            android:theme="@android:style/Theme.Translucent.NoTitleBar" />
143-->[com.google.android.gms:play-services-auth:20.0.0] AndroidManifest.xml:27:13-72
144        <!--
145            Service handling Google Sign-In user revocation. For apps that do not integrate with
146            Google Sign-In, this service will never be started.
147        -->
148        <service
148-->[com.google.android.gms:play-services-auth:20.0.0] AndroidManifest.xml:33:9-37:51
149            android:name="com.google.android.gms.auth.api.signin.RevocationBoundService"
149-->[com.google.android.gms:play-services-auth:20.0.0] AndroidManifest.xml:34:13-89
150            android:exported="true"
150-->[com.google.android.gms:play-services-auth:20.0.0] AndroidManifest.xml:35:13-36
151            android:permission="com.google.android.gms.auth.api.signin.permission.REVOCATION_NOTIFICATION"
151-->[com.google.android.gms:play-services-auth:20.0.0] AndroidManifest.xml:36:13-107
152            android:visibleToInstantApps="true" />
152-->[com.google.android.gms:play-services-auth:20.0.0] AndroidManifest.xml:37:13-48
153
154        <activity
154-->[com.google.android.gms:play-services-base:18.0.0] AndroidManifest.xml:20:9-22:45
155            android:name="com.google.android.gms.common.api.GoogleApiActivity"
155-->[com.google.android.gms:play-services-base:18.0.0] AndroidManifest.xml:20:19-85
156            android:exported="false"
156-->[com.google.android.gms:play-services-base:18.0.0] AndroidManifest.xml:22:19-43
157            android:theme="@android:style/Theme.Translucent.NoTitleBar" />
157-->[com.google.android.gms:play-services-base:18.0.0] AndroidManifest.xml:21:19-78
158
159        <meta-data
159-->[com.google.android.gms:play-services-basement:18.0.0] AndroidManifest.xml:21:9-23:69
160            android:name="com.google.android.gms.version"
160-->[com.google.android.gms:play-services-basement:18.0.0] AndroidManifest.xml:22:13-58
161            android:value="@integer/google_play_services_version" />
161-->[com.google.android.gms:play-services-basement:18.0.0] AndroidManifest.xml:23:13-66
162
163        <service
163-->[androidx.room:room-runtime:2.1.0] AndroidManifest.xml:25:9-27:40
164            android:name="androidx.room.MultiInstanceInvalidationService"
164-->[androidx.room:room-runtime:2.1.0] AndroidManifest.xml:26:13-74
165            android:exported="false" />
165-->[androidx.room:room-runtime:2.1.0] AndroidManifest.xml:27:13-37
166    </application>
167
168</manifest>